
=== Fri Oct 21 19:10:10 2022

Packages were changed.
Update Mode: updateDependencies

The following packages were updated:
  com.unity.2d.animation from version 5.0.10 to 7.0.7
  com.unity.2d.pixel-perfect from version 4.0.1 to 5.0.1
  com.unity.2d.psdimporter from version 4.1.3 to 6.0.5
  com.unity.2d.spriteshape from version 5.1.7 to 7.0.6
  com.unity.collab-proxy from version 1.15.7 to 1.17.2
  com.unity.ide.rider from version 2.0.7 to 3.0.15
  com.unity.ide.visualstudio from version 2.0.12 to 2.0.16
  com.unity.ide.vscode from version 1.2.4 to 1.2.5
  com.unity.test-framework from version 1.1.29 to 1.1.31
  com.unity.timeline from version 1.4.8 to 1.6.4

=== Wed Oct 26 20:44:02 2022

Packages were changed.
Update Mode: updateDependencies

The following packages were updated:
  com.unity.2d.animation from version 7.0.7 to 7.0.8
  com.unity.2d.psdimporter from version 6.0.5 to 6.0.6

=== Wed Jan 10 16:10:14 2024

Packages were changed.
Update Mode: updateDependencies

The following packages were added:
  com.unity.ai.navigation@1.1.5
The following packages were updated:
  com.unity.2d.animation from version 7.0.8 to 9.0.4
  com.unity.2d.pixel-perfect from version 5.0.1 to 5.0.3
  com.unity.2d.psdimporter from version 6.0.6 to 8.0.3
  com.unity.2d.spriteshape from version 7.0.6 to 9.0.2
  com.unity.collab-proxy from version 1.17.2 to 2.2.0
  com.unity.ide.rider from version 3.0.15 to 3.0.27
  com.unity.ide.visualstudio from version 2.0.16 to 2.0.22
  com.unity.test-framework from version 1.1.31 to 1.1.33
  com.unity.timeline from version 1.6.4 to 1.7.6
